0 info it worked if it ends with ok
1 verbose cli [ '/usr/local/bin/node', '/usr/local/bin/npm', 'publish', './' ]
2 info using npm@4.0.5
3 info using node@v7.4.0
4 verbose publish [ './' ]
5 silly cache add args [ './', null ]
6 verbose cache add spec ./
7 silly cache add parsed spec Result {
7 silly cache add   raw: './',
7 silly cache add   scope: null,
7 silly cache add   escapedName: null,
7 silly cache add   name: null,
7 silly cache add   rawSpec: './',
7 silly cache add   spec: '/var/www/html/tswitch.library',
7 silly cache add   type: 'directory' }
8 verbose addLocalDirectory /home/wroblewski/.npm/tswitch/1.1.7/package.tgz not in flight; packing
9 verbose correctMkdir /home/wroblewski/.npm correctMkdir not in flight; initializing
10 warn prepublish-on-install As of npm@5, `prepublish` scripts will run only for `npm publish`.
11 warn prepublish-on-install (In npm@4 and previous versions, it also runs for `npm install`.)
12 warn prepublish-on-install See the deprecation note in `npm help scripts` for more information.
13 info lifecycle tswitch@1.1.7~prepublish: tswitch@1.1.7
14 verbose lifecycle tswitch@1.1.7~prepublish: unsafe-perm in lifecycle true
15 verbose lifecycle tswitch@1.1.7~prepublish: PATH: /usr/local/lib/node_modules/npm/bin/node-gyp-bin:/var/www/html/tswitch.library/node_modules/.bin:/home/wroblewski/bin:/home/wroblewski/.local/bin:/usr/local/sbin:/usr/local/bin:/usr/sbin:/usr/bin:/sbin:/bin:/usr/games:/usr/local/games:/snap/bin:/home/wroblewski/PHPStorm/PhpStorm-162.1889.1/bin
16 verbose lifecycle tswitch@1.1.7~prepublish: CWD: /var/www/html/tswitch.library
17 silly lifecycle tswitch@1.1.7~prepublish: Args: [ '-c', 'npm run prod && npm run css' ]
18 silly lifecycle tswitch@1.1.7~prepublish: Returned: code: 0  signal: null
19 info lifecycle tswitch@1.1.7~prepare: tswitch@1.1.7
20 silly lifecycle tswitch@1.1.7~prepare: no script for prepare, continuing
21 verbose tar pack [ '/home/wroblewski/.npm/tswitch/1.1.7/package.tgz',
21 verbose tar pack   '/var/www/html/tswitch.library' ]
22 verbose tarball /home/wroblewski/.npm/tswitch/1.1.7/package.tgz
23 verbose folder /var/www/html/tswitch.library
24 verbose addLocalTarball adding from inside cache /home/wroblewski/.npm/tswitch/1.1.7/package.tgz
25 verbose correctMkdir /home/wroblewski/.npm correctMkdir not in flight; initializing
26 silly cache afterAdd tswitch@1.1.7
27 verbose afterAdd /home/wroblewski/.npm/tswitch/1.1.7/package/package.json not in flight; writing
28 verbose correctMkdir /home/wroblewski/.npm correctMkdir not in flight; initializing
29 verbose afterAdd /home/wroblewski/.npm/tswitch/1.1.7/package/package.json written
30 silly publish { name: 'tswitch',
30 silly publish   version: '1.1.7',
30 silly publish   description: 'tSwitch library - iOS alternative for radio switch button.',
30 silly publish   main: 'dist/tswitch.js',
30 silly publish   directories: { doc: 'docs' },
30 silly publish   scripts:
30 silly publish    { prepublish: 'npm run prod && npm run css',
30 silly publish      css: 'webpack -p',
30 silly publish      prod: 'babel --presets es2015 -d dist/ src/js/',
30 silly publish      dev: 'webpack --watch' },
30 silly publish   author: { name: 'Łukasz Wróblewski' },
30 silly publish   license: 'ISC',
30 silly publish   devDependencies:
30 silly publish    { 'babel-cli': '^6.22.2',
30 silly publish      'babel-core': '^6.4.5',
30 silly publish      'babel-loader': '^6.2.1',
30 silly publish      'babel-preset-es2015': '^6.3.13',
30 silly publish      'babel-preset-react': '^6.3.13',
30 silly publish      'css-loader': '^0.26.1',
30 silly publish      'extract-text-webpack-plugin': '^2.0.0-rc.2',
30 silly publish      less: '^2.7.1',
30 silly publish      'less-loader': '^2.2.3',
30 silly publish      'style-loader': '^0.13.1',
30 silly publish      webpack: '^2.2.1' },
30 silly publish   repository:
30 silly publish    { type: 'git',
30 silly publish      url: 'git+https://github.com/lwrooblewski/tSwitch.git' },
30 silly publish   browserDependencies: {},
30 silly publish   readme: '# tSwitch\ntSwitch - iOS switch alternative for web development. No third-party needed.\n\nLightweight plugin for replacing standard checkbox with iOS-like design switch. All you need to do is just import module and create simple object with properties. And what is most improtant - works without jQuery.\n\n# Short example:\n````javascript\nimport tswitch from \'tswitch\'\n\nconst swch = new tswitch({\n  element: document.getElementById(\'example-switch\'),\n  onActivate: () => {\n        console.log(\'onActivate\');\n    },\n  onDeactivate: () => {\n      console.log(\'onDeactivate\');\n  },\n  onToggle: (checked) => {\n      if (checked){\n          console.log(\'On toggle checked\');\n      } else {\n          console.log(\'On toggle unchecked\');\n      }\n    }\n});\n````\n\ntSwitch replace checkbox input with custom component from now.\n\n# Options\n\n`element` - selected HTMLElement object  \n`isActive [boolean | default false]` - sets start active state  \n`isDisabled [boolean | default false]` - sets start disabled state   \n`background [string | default #FFF]` - sets background color  \n`backgroundActive [string | default #5D9CEC]` - sets active state background color  \n`didMountCallback [boolean]` - triggers callback onActivate or onDeactivate depends on earlier passed isActive option when tSwitch is created  \n`onActivate [function]` - callback when switch is being active  \n`onDeactivate [function]` - callback when switch is being deactivated  \n`onToggle [function]` - callback when switch state is being toggled  \n\n\n# Feedback\nFeel free to open issues or contribute. Contact me at <a href="mailto:l.wrooblewski@gmail.com">l.wrooblewski@gmail.com</a> or my <a href="https://pl.linkedin.com/in/wroblewskilukasz">LinkedIn profile</a>.\n\n',
30 silly publish   readmeFilename: 'README.md',
30 silly publish   gitHead: '707840406d350699533c4b92ede778bfd8465caf',
30 silly publish   bugs: { url: 'https://github.com/lwrooblewski/tSwitch/issues' },
30 silly publish   homepage: 'https://github.com/lwrooblewski/tSwitch#readme',
30 silly publish   _id: 'tswitch@1.1.7',
30 silly publish   _shasum: '6a0a8ebb626eb711038b78bdcc64a57f535f28bf',
30 silly publish   _from: '.' }
31 info lifecycle tswitch@1.1.7~prepublishOnly: tswitch@1.1.7
32 silly lifecycle tswitch@1.1.7~prepublishOnly: no script for prepublishOnly, continuing
33 verbose getPublishConfig undefined
34 silly mapToRegistry name tswitch
35 silly mapToRegistry using default registry
36 silly mapToRegistry registry https://registry.npmjs.org/
37 silly mapToRegistry data Result {
37 silly mapToRegistry   raw: 'tswitch',
37 silly mapToRegistry   scope: null,
37 silly mapToRegistry   escapedName: 'tswitch',
37 silly mapToRegistry   name: 'tswitch',
37 silly mapToRegistry   rawSpec: '',
37 silly mapToRegistry   spec: 'latest',
37 silly mapToRegistry   type: 'tag' }
38 silly mapToRegistry uri https://registry.npmjs.org/tswitch
39 verbose publish registryBase https://registry.npmjs.org/
40 silly publish uploading /home/wroblewski/.npm/tswitch/1.1.7/package.tgz
41 verbose request uri https://registry.npmjs.org/tswitch
42 verbose request sending authorization for write operation
43 info attempt registry request try #1 at 2:23:59 PM
44 verbose request using bearer token for auth
45 verbose request id d54616d62afa41d9
46 http request PUT https://registry.npmjs.org/tswitch
47 http 403 https://registry.npmjs.org/tswitch
48 verbose headers { 'content-type': 'application/json',
48 verbose headers   'cache-control': 'max-age=300',
48 verbose headers   'content-length': '95',
48 verbose headers   'accept-ranges': 'bytes',
48 verbose headers   date: 'Fri, 03 Feb 2017 13:24:01 GMT',
48 verbose headers   via: '1.1 varnish',
48 verbose headers   connection: 'keep-alive',
48 verbose headers   'x-served-by': 'cache-hhn1523-HHN',
48 verbose headers   'x-cache': 'MISS',
48 verbose headers   'x-cache-hits': '0',
48 verbose headers   'x-timer': 'S1486128240.111463,VS0,VE1242',
48 verbose headers   vary: 'Accept-Encoding' }
49 verbose request invalidating /home/wroblewski/.npm/registry.npmjs.org/tswitch on PUT
50 error publish Failed PUT 403
51 verbose stack Error: "You cannot publish over the previously published version 1.1.7." : tswitch
51 verbose stack     at makeError (/usr/local/lib/node_modules/npm/node_modules/npm-registry-client/lib/request.js:302:12)
51 verbose stack     at CachingRegistryClient.<anonymous> (/usr/local/lib/node_modules/npm/node_modules/npm-registry-client/lib/request.js:290:14)
51 verbose stack     at Request._callback (/usr/local/lib/node_modules/npm/node_modules/npm-registry-client/lib/request.js:210:14)
51 verbose stack     at Request.self.callback (/usr/local/lib/node_modules/npm/node_modules/request/request.js:186:22)
51 verbose stack     at emitTwo (events.js:106:13)
51 verbose stack     at Request.emit (events.js:191:7)
51 verbose stack     at Request.<anonymous> (/usr/local/lib/node_modules/npm/node_modules/request/request.js:1081:10)
51 verbose stack     at emitOne (events.js:96:13)
51 verbose stack     at Request.emit (events.js:188:7)
51 verbose stack     at IncomingMessage.<anonymous> (/usr/local/lib/node_modules/npm/node_modules/request/request.js:1001:12)
52 verbose statusCode 403
53 verbose pkgid tswitch
54 verbose cwd /var/www/html/tswitch.library
55 error Linux 4.4.0-59-generic
56 error argv "/usr/local/bin/node" "/usr/local/bin/npm" "publish" "./"
57 error node v7.4.0
58 error npm  v4.0.5
59 error code E403
60 error "You cannot publish over the previously published version 1.1.7." : tswitch
61 error If you need help, you may report this error at:
61 error     <https://github.com/npm/npm/issues>
62 verbose exit [ 1, true ]
